[14:59:24 INF] log sample 2 <s:Serilog_SubLogger_POC.Controllers.WeatherForecastController>
<p:{"ActionId":"409984cf-5f74-4c8d-9f8a-1797943160c7","ActionName":"Serilog_SubLogger_POC.Controllers.WeatherForecastController.Get (Serilog-SubLogger-POC)","RequestId":"0HMQOF695M2K5:00000003","RequestPath":"/WeatherForecast","ConnectionId":"0HMQOF695M2K5"}>
[14:59:24 WRN] log sample 3 <s:Serilog_SubLogger_POC.Controllers.WeatherForecastController>
<p:{"ActionId":"409984cf-5f74-4c8d-9f8a-1797943160c7","ActionName":"Serilog_SubLogger_POC.Controllers.WeatherForecastController.Get (Serilog-SubLogger-POC)","RequestId":"0HMQOF695M2K5:00000003","RequestPath":"/WeatherForecast","ConnectionId":"0HMQOF695M2K5"}>
[14:59:24 INF] No contextual properties <s:Serilog_SubLogger_POC.Controllers.WeatherForecastController>
<p:{"ActionId":"409984cf-5f74-4c8d-9f8a-1797943160c7","ActionName":"Serilog_SubLogger_POC.Controllers.WeatherForecastController.Get (Serilog-SubLogger-POC)","RequestId":"0HMQOF695M2K5:00000003","RequestPath":"/WeatherForecast","ConnectionId":"0HMQOF695M2K5"}>
[14:59:24 INF] Carries property A = 1 <s:Serilog_SubLogger_POC.Controllers.WeatherForecastController>
<p:{"ActionId":"409984cf-5f74-4c8d-9f8a-1797943160c7","ActionName":"Serilog_SubLogger_POC.Controllers.WeatherForecastController.Get (Serilog-SubLogger-POC)","RequestId":"0HMQOF695M2K5:00000003","RequestPath":"/WeatherForecast","ConnectionId":"0HMQOF695M2K5","A":1}>
[14:59:24 INF] Carries A = 2 and B = 1 <s:Serilog_SubLogger_POC.Controllers.WeatherForecastController>
<p:{"ActionId":"409984cf-5f74-4c8d-9f8a-1797943160c7","ActionName":"Serilog_SubLogger_POC.Controllers.WeatherForecastController.Get (Serilog-SubLogger-POC)","RequestId":"0HMQOF695M2K5:00000003","RequestPath":"/WeatherForecast","ConnectionId":"0HMQOF695M2K5","B":1,"A":2}>
[14:59:24 INF] Carries property A = 1, again <s:Serilog_SubLogger_POC.Controllers.WeatherForecastController>
<p:{"ActionId":"409984cf-5f74-4c8d-9f8a-1797943160c7","ActionName":"Serilog_SubLogger_POC.Controllers.WeatherForecastController.Get (Serilog-SubLogger-POC)","RequestId":"0HMQOF695M2K5:00000003","RequestPath":"/WeatherForecast","ConnectionId":"0HMQOF695M2K5","A":1}>
[14:59:24 INF] slog sample 2 <s:SubLogger>
<p:{"ActionId":"409984cf-5f74-4c8d-9f8a-1797943160c7","ActionName":"Serilog_SubLogger_POC.Controllers.WeatherForecastController.Get (Serilog-SubLogger-POC)","RequestId":"0HMQOF695M2K5:00000003","RequestPath":"/WeatherForecast","ConnectionId":"0HMQOF695M2K5"}>
[14:59:24 WRN] slog sample 3 Trace:    at System.Environment.get_StackTrace()
   at Serilog_SubLogger_POC.Controllers.WeatherForecastController.newMethod() in /workspace/Serilog-SubLogger-POC/Controllers/WeatherForecastController.cs:line 64
   at Serilog_SubLogger_POC.Controllers.WeatherForecastController.testmethod() in /workspace/Serilog-SubLogger-POC/Controllers/WeatherForecastController.cs:line 60
   at Serilog_SubLogger_POC.Controllers.WeatherForecastController.Get() in /workspace/Serilog-SubLogger-POC/Controllers/WeatherForecastController.cs:line 49
   at lambda_method3(Closure, Object, Object[])
   at Microsoft.AspNetCore.Mvc.Infrastructure.ActionMethodExecutor.SyncObjectResultExecutor.Execute(ActionContext actionContext, IActionResultTypeMapper mapper, ObjectMethodExecutor executor, Object controller, Object[] arguments)
   at Microsoft.AspNetCore.Mvc.Infrastructure.ControllerActionInvoker.InvokeActionMethodAsync()
   at Microsoft.AspNetCore.Mvc.Infrastructure.ControllerActionInvoker.Next(State& next, Scope& scope, Object& state, Boolean& isCompleted)
   at Microsoft.AspNetCore.Mvc.Infrastructure.ControllerActionInvoker.InvokeNextActionFilterAsync()
   at Microsoft.AspNetCore.Mvc.Infrastructure.ControllerActionInvoker.Next(State& next, Scope& scope, Object& state, Boolean& isCompleted)
   at Microsoft.AspNetCore.Mvc.Infrastructure.ControllerActionInvoker.InvokeNextActionFilterAsync()
   at Microsoft.AspNetCore.Mvc.Infrastructure.ControllerActionInvoker.Next(State& next, Scope& scope, Object& state, Boolean& isCompleted)
   at Microsoft.AspNetCore.Mvc.Infrastructure.ControllerActionInvoker.InvokeInnerFilterAsync()
   at Microsoft.AspNetCore.Mvc.Infrastructure.ResourceInvoker.Next(State& next, Scope& scope, Object& state, Boolean& isCompleted)
   at Microsoft.AspNetCore.Mvc.Infrastructure.ResourceInvoker.InvokeFilterPipelineAsync()
   at Microsoft.AspNetCore.Mvc.Infrastructure.ResourceInvoker.<InvokeAsync>g__Logged|17_1(ResourceInvoker invoker)
   at System.Runtime.CompilerServices.AsyncMethodBuilderCore.Start[TStateMachine](TStateMachine& stateMachine)
   at Microsoft.AspNetCore.Mvc.Infrastructure.ResourceInvoker.<InvokeAsync>g__Logged|17_1(ResourceInvoker invoker)
   at Microsoft.AspNetCore.Mvc.Infrastructure.ResourceInvoker.InvokeAsync()
   at Microsoft.AspNetCore.Routing.EndpointMiddleware.Invoke(HttpContext httpContext)
   at Microsoft.AspNetCore.Authorization.AuthorizationMiddleware.Invoke(HttpContext context)
   at System.Runtime.CompilerServices.AsyncMethodBuilderCore.Start[TStateMachine](TStateMachine& stateMachine)
   at Microsoft.AspNetCore.Authorization.AuthorizationMiddleware.Invoke(HttpContext context)
   at Microsoft.AspNetCore.HttpsPolicy.HttpsRedirectionMiddleware.Invoke(HttpContext context)
   at Microsoft.AspNetCore.StaticFiles.StaticFileMiddleware.Invoke(HttpContext context)
   at Swashbuckle.AspNetCore.SwaggerUI.SwaggerUIMiddleware.Invoke(HttpContext httpContext)
   at System.Runtime.CompilerServices.AsyncMethodBuilderCore.Start[TStateMachine](TStateMachine& stateMachine)
   at Swashbuckle.AspNetCore.SwaggerUI.SwaggerUIMiddleware.Invoke(HttpContext httpContext)
   at Swashbuckle.AspNetCore.Swagger.SwaggerMiddleware.Invoke(HttpContext httpContext, ISwaggerProvider swaggerProvider)
   at System.Runtime.CompilerServices.AsyncMethodBuilderCore.Start[TStateMachine](TStateMachine& stateMachine)
   at Swashbuckle.AspNetCore.Swagger.SwaggerMiddleware.Invoke(HttpContext httpContext, ISwaggerProvider swaggerProvider)
   at Microsoft.AspNetCore.Authentication.AuthenticationMiddleware.Invoke(HttpContext context)
   at System.Runtime.CompilerServices.AsyncMethodBuilderCore.Start[TStateMachine](TStateMachine& stateMachine)
   at Microsoft.AspNetCore.Authentication.AuthenticationMiddleware.Invoke(HttpContext context)
   at Microsoft.AspNetCore.Diagnostics.DeveloperExceptionPageMiddlewareImpl.Invoke(HttpContext context)
   at System.Runtime.CompilerServices.AsyncMethodBuilderCore.Start[TStateMachine](TStateMachine& stateMachine)
   at Microsoft.AspNetCore.Diagnostics.DeveloperExceptionPageMiddlewareImpl.Invoke(HttpContext context)
   at Microsoft.AspNetCore.HostFiltering.HostFilteringMiddleware.Invoke(HttpContext context)
   at Microsoft.AspNetCore.Server.Kestrel.Core.Internal.Http.HttpProtocol.ProcessRequests[TContext](IHttpApplication`1 application)
   at System.Runtime.CompilerServices.AsyncTaskMethodBuilder`1.AsyncStateMachineBox`1.ExecutionContextCallback(Object s)
   at System.Threading.ExecutionContext.RunFromThreadPoolDispatchLoop(Thread threadPoolThread, ExecutionContext executionContext, ContextCallback callback, Object state)
   at System.Runtime.CompilerServices.AsyncTaskMethodBuilder`1.AsyncStateMachineBox`1.MoveNext(Thread threadPoolThread)
   at System.Runtime.CompilerServices.AsyncTaskMethodBuilder`1.AsyncStateMachineBox`1.ExecuteFromThreadPool(Thread threadPoolThread)
   at System.Threading.ThreadPoolWorkQueue.Dispatch()
   at System.Threading.PortableThreadPool.WorkerThread.WorkerThreadStart() <s:SubLogger>
<p:{"ActionId":"409984cf-5f74-4c8d-9f8a-1797943160c7","ActionName":"Serilog_SubLogger_POC.Controllers.WeatherForecastController.Get (Serilog-SubLogger-POC)","RequestId":"0HMQOF695M2K5:00000003","RequestPath":"/WeatherForecast","ConnectionId":"0HMQOF695M2K5"}>
